=======================================================
  Link ID   Accepted       Rejected       Forced      
-------------------------------------------------------
  0         1229826148     107289         0           
  1         1229826151     107289         0           
  2         1229826151     107289         0           
  3         0              0              0           
  4         0              0              0           
  5         0              0              0           
  6         0              0              0           
  7         0              0              0           
  8         0              0              0           
  9         0              0              0           
  10        0              0              0           
  11        0              0              0           
  13        0              0              0           
  15        0              0              0           
=======================================================
  Wrapper   Dropped          Total Packets per second 
-------------------------------------------------------
  0         3602347496       304350                   
=======================================================
