----------------------------
Local clock | Fixed offset
User Logic Enabled
----------------------------
=============================================================================================================================================
  Link ID   GBT Mode Tx/Rx   Loopback   GBT MUX        Datapath Mode   Datapath   RX freq(MHz)   TX freq(MHz)   Status   Optical power(uW)  
---------------------------------------------------------------------------------------------------------------------------------------------
  0         GBT/GBT          None       SWT            Continuous      Disabled   240.47         240.47         UP       486.4              
  1         GBT/GBT          None       TTC:CTP        Continuous      Disabled   240.47         240.47         UP       563.8              
  2         GBT/GBT          None       TTC:CTP        Continuous      Disabled   240.47         240.47         UP       637.7              
  3         GBT/GBT          None       TTC:CTP        Continuous      Disabled   240.47         240.47         UP       589.3              
  4         GBT/GBT          Enabled    TTC:CTP        Packet          Enabled    240.47         240.47         UP       689.6              
  5         GBT/GBT          Enabled    TTC:CTP        Packet          Enabled    240.47         240.47         UP       754.6              
  6         GBT/GBT          None       TTC:CTP        Continuous      Disabled   240.47         240.47         UP       665.1              
  7         GBT/GBT          None       TTC:CTP        Continuous      Disabled   240.47         240.47         UP       526.6              
  8         GBT/GBT          None       TTC:CTP        Continuous      Disabled   240.47         240.47         UP       813.8              
  9         GBT/GBT          None       TTC:CTP        Continuous      Disabled   240.47         240.47         UP       557.2              
  10        GBT/GBT          Enabled    TTC:CTP        Packet          Enabled    240.47         240.47         UP       729.2              
  11        GBT/GBT          None       TTC:CTP        Continuous      Disabled   240.47         240.47         UP       260.7              
=============================================================================================================================================
